1574255492605|start conroler
1574255493630|controler do control : 

1574255493676|produced : 1000.0

1574255493747|consumed : 450.0

1574255494769|controler do control : 

1574255494774|produced : 1000.0

1574255494786|consumed : 450.0

1574255495790|controler do control : 

1574255495800|produced : 1000.0

1574255495808|consumed : 450.0

1574255496827|controler do control : 

1574255496837|produced : 1000.0

1574255496843|consumed : 450.0

1574255497847|controler do control : 

1574255497861|produced : 1000.0

1574255497867|consumed : 450.0

1574255498885|controler do control : 

1574255498898|produced : 1000.0

1574255498906|consumed : 450.0

1574255499928|controler do control : 

1574255499940|produced : 1000.0

1574255499952|consumed : 450.0

1574255500968|controler do control : 

1574255500986|produced : 1000.0

1574255500995|consumed : 450.0

1574255502010|controler do control : 

1574255502022|produced : 1000.0

1574255502032|consumed : 450.0

1574255503058|controler do control : 

1574255503072|produced : 1000.0

1574255503081|consumed : 450.0

1574255504101|controler do control : 

1574255504113|produced : 1000.0

1574255504123|consumed : 450.0

1574255505142|controler do control : 

1574255505152|produced : 1000.0

1574255505162|consumed : 450.0

1574255506188|controler do control : 

1574255506205|produced : 1000.0

1574255506210|consumed : 450.0

1574255507228|controler do control : 

1574255507236|produced : 1000.0

1574255507243|consumed : 450.0

1574255508258|controler do control : 

1574255508267|produced : 1000.0

1574255508273|consumed : 450.0

1574255509291|controler do control : 

1574255509303|produced : 1000.0

1574255509314|consumed : 450.0

1574255510341|controler do control : 

1574255510352|produced : 1000.0

1574255510362|consumed : 450.0

1574255511375|controler do control : 

1574255511385|produced : 1000.0

1574255511397|consumed : 450.0

1574255512407|controler do control : 

1574255512416|produced : 1000.0

1574255512427|consumed : 450.0

1574255513443|controler do control : 

1574255513452|produced : 1000.0

1574255513457|consumed : 450.0

1574255514474|controler do control : 

1574255514490|produced : 1000.0

1574255514508|consumed : 450.0

1574255515512|controler do control : 

1574255515521|produced : 1000.0

1574255515529|consumed : 450.0

1574255516542|controler do control : 

1574255516551|produced : 1000.0

1574255516556|consumed : 450.0

1574255517572|controler do control : 

1574255517586|produced : 1000.0

1574255517593|consumed : 450.0

1574255518616|controler do control : 

1574255518628|produced : 1000.0

1574255518638|consumed : 450.0

1574255519648|controler do control : 

1574255519657|produced : 1000.0

1574255519678|consumed : 450.0

1574255520701|controler do control : 

1574255520710|produced : 1000.0

1574255520716|consumed : 450.0

1574255521730|controler do control : 

1574255521738|produced : 1000.0

1574255521743|consumed : 450.0

1574255522773|controler do control : 

1574255522786|produced : 1000.0

1574255522794|consumed : 450.0

1574255523801|controler do control : 

1574255523804|produced : 1000.0

1574255523807|consumed : 450.0

1574255524810|controler do control : 

1574255524820|produced : 1000.0

1574255524830|consumed : 450.0

1574255525842|controler do control : 

1574255525847|produced : 1000.0

1574255525849|consumed : 450.0

1574255526854|controler do control : 

1574255526861|produced : 1000.0

1574255526863|consumed : 450.0

1574255527866|controler do control : 

1574255527868|produced : 1000.0

1574255527871|consumed : 450.0

1574255528879|controler do control : 

1574255528881|produced : 1000.0

1574255528884|consumed : 450.0

1574255529890|controler do control : 

1574255529894|produced : 1000.0

1574255529896|consumed : 750.0

1574255530898|controler do control : 

1574255530903|produced : 1000.0

1574255530905|consumed : 750.0

1574255531909|controler do control : 

1574255531912|produced : 1000.0

1574255531918|consumed : 750.0

1574255532925|controler do control : 

1574255532933|produced : 1000.0

1574255532944|consumed : 750.0

1574255533958|controler do control : 

1574255533970|produced : 1000.0

1574255533978|consumed : 750.0

1574255534993|controler do control : 

1574255535001|produced : 1000.0

1574255535010|consumed : 750.0

1574255536026|controler do control : 

1574255536033|produced : 1000.0

1574255536043|consumed : 750.0

1574255537057|controler do control : 

1574255537078|produced : 1000.0

1574255537092|consumed : 750.0

1574255538103|controler do control : 

1574255538110|produced : 1000.0

1574255538114|consumed : 750.0

1574255539129|controler do control : 

1574255539140|produced : 1000.0

1574255539152|consumed : 750.0

1574255540160|controler do control : 

1574255540170|produced : 1000.0

1574255540182|consumed : 750.0

1574255541194|controler do control : 

1574255541201|produced : 1000.0

1574255541208|consumed : 750.0

1574255542222|controler do control : 

1574255542234|produced : 1000.0

1574255542239|consumed : 750.0

1574255543263|controler do control : 

1574255543265|produced : 1000.0

1574255543266|consumed : 750.0

1574255544272|controler do control : 

1574255544274|produced : 1000.0

1574255544279|consumed : 750.0

1574255545282|controler do control : 

1574255545290|produced : 1000.0

1574255545298|consumed : 750.0

1574255546306|controler do control : 

1574255546309|produced : 1000.0

1574255546312|consumed : 750.0

1574255547322|controler do control : 

1574255547329|produced : 1000.0

1574255547334|consumed : 750.0

1574255548349|controler do control : 

1574255548361|produced : 1000.0

1574255548366|consumed : 750.0

1574255549383|controler do control : 

1574255549391|produced : 1000.0

1574255549396|consumed : 750.0

1574255550406|controler do control : 

1574255550413|produced : 1000.0

1574255550418|consumed : 750.0

1574255551432|controler do control : 

1574255551441|produced : 1000.0

1574255551447|consumed : 750.0

1574255552472|controler do control : 

1574255552480|produced : 1000.0

1574255552485|consumed : 750.0

1574255553492|controler do control : 

1574255553498|produced : 1000.0

1574255553524|consumed : 750.0

1574255554539|controler do control : 

1574255554549|produced : 1000.0

1574255554554|consumed : 450.0

1574255555570|controler do control : 

1574255555582|produced : 1000.0

1574255555588|consumed : 450.0

1574255556602|controler do control : 

1574255556608|produced : 1000.0

1574255556613|consumed : 450.0

1574255557638|controler do control : 

1574255557652|produced : 1000.0

1574255557657|consumed : 450.0

1574255558665|controler do control : 

1574255558680|produced : 1000.0

1574255558685|consumed : 450.0

1574255559702|controler do control : 

1574255559713|produced : 1000.0

1574255559718|consumed : 450.0

1574255560732|controler do control : 

1574255560738|produced : 1000.0

1574255560742|consumed : 450.0

1574255561751|controler do control : 

1574255561757|produced : 1000.0

1574255561762|consumed : 450.0

1574255562771|controler do control : 

1574255562781|produced : 1000.0

1574255562785|consumed : 450.0

1574255563790|controler do control : 

1574255563797|produced : 1000.0

1574255563802|consumed : 450.0

1574255564811|controler do control : 

1574255564817|produced : 1000.0

1574255564824|consumed : 450.0

1574255565832|controler do control : 

1574255565836|produced : 1000.0

1574255565840|consumed : 450.0

1574255566844|controler do control : 

1574255566851|produced : 1000.0

1574255566858|consumed : 450.0

1574255567862|controler do control : 

1574255567870|produced : 1000.0

1574255567874|consumed : 450.0

1574255568881|controler do control : 

1574255568888|produced : 1000.0

1574255568907|consumed : 450.0

1574255569958|controler do control : 

1574255569965|produced : 1000.0

1574255569966|consumed : 450.0

1574255570972|controler do control : 

1574255570975|produced : 1000.0

1574255570978|consumed : 450.0

1574255571986|controler do control : 

1574255571990|produced : 1000.0

1574255571991|consumed : 450.0

1574255572994|controler do control : 

1574255572998|produced : 1000.0

1574255572999|consumed : 450.0

1574255574001|controler do control : 

1574255574005|produced : 1000.0

1574255574008|consumed : 450.0

1574255575010|controler do control : 

1574255575012|produced : 1000.0

1574255575014|consumed : 450.0

1574255576018|controler do control : 

1574255576021|produced : 1000.0

1574255576025|consumed : 450.0

1574255577027|controler do control : 

1574255577030|produced : 1000.0

1574255577031|consumed : 450.0

1574255578037|controler do control : 

1574255578042|produced : 1000.0

1574255578054|consumed : 450.0

1574255579090|controler do control : 

1574255579103|produced : 1000.0

1574255579107|consumed : 450.0

1574255580114|controler do control : 

1574255580122|produced : 1000.0

1574255580130|consumed : 750.0

1574255581138|controler do control : 

1574255581140|produced : 1000.0

1574255581145|consumed : 750.0

1574255582149|controler do control : 

1574255582156|produced : 1000.0

1574255582159|consumed : 750.0

1574255583166|controler do control : 

1574255583171|produced : 1000.0

1574255583177|consumed : 750.0

1574255584184|controler do control : 

1574255584190|produced : 1000.0

1574255584194|consumed : 750.0

1574255585200|controler do control : 

1574255585207|produced : 1000.0

1574255585210|consumed : 750.0

1574255586218|controler do control : 

1574255586224|produced : 1000.0

1574255586228|consumed : 750.0

1574255587235|controler do control : 

1574255587242|produced : 1000.0

1574255587248|consumed : 750.0

1574255588255|controler do control : 

1574255588261|produced : 1000.0

1574255588270|consumed : 750.0

1574255589283|controler do control : 

1574255589292|produced : 1000.0

1574255589296|consumed : 750.0

1574255590303|controler do control : 

1574255590315|produced : 1000.0

1574255590326|consumed : 750.0

1574255591337|controler do control : 

1574255591343|produced : 1000.0

1574255591348|consumed : 750.0

1574255592356|controler do control : 

1574255592361|produced : 1000.0

1574255592365|consumed : 750.0

1574255593372|controler do control : 

1574255593378|produced : 1000.0

1574255593387|consumed : 750.0

1574255594393|controler do control : 

1574255594399|produced : 1000.0

1574255594411|consumed : 750.0

1574255595421|controler do control : 

1574255595427|produced : 1000.0

1574255595431|consumed : 750.0

1574255596445|controler do control : 

1574255596447|produced : 1000.0

1574255596448|consumed : 750.0

1574255597452|controler do control : 

1574255597457|produced : 1000.0

1574255597461|consumed : 750.0

1574255598467|controler do control : 

1574255598473|produced : 1000.0

1574255598477|consumed : 750.0

1574255599484|controler do control : 

1574255599490|produced : 1000.0

1574255599494|consumed : 750.0

1574255600501|controler do control : 

1574255600512|produced : 1000.0

1574255600518|consumed : 750.0

1574255601524|controler do control : 

1574255601530|produced : 1000.0

1574255601538|consumed : 750.0

1574255602549|controler do control : 

1574255602557|produced : 1000.0

1574255602568|consumed : 750.0

1574255603576|controler do control : 

1574255603579|produced : 1000.0

1574255603582|consumed : 750.0

1574255604586|controler do control : 

1574255604592|produced : 1000.0

1574255604602|consumed : 750.0

1574255605607|controler do control : 

1574255605610|produced : 1000.0

1574255605611|consumed : 450.0

1574255606615|controler do control : 

1574255606621|produced : 1000.0

1574255606624|consumed : 450.0

1574255607633|controler do control : 

1574255607639|produced : 1000.0

1574255607643|consumed : 450.0

1574255608655|controler do control : 

1574255608661|produced : 1000.0

1574255608665|consumed : 450.0

1574255609671|controler do control : 

1574255609681|produced : 1000.0

1574255609691|consumed : 450.0

1574255610702|controler do control : 

1574255610708|produced : 1000.0

1574255610712|consumed : 450.0

1574255611722|controler do control : 

1574255611728|produced : 1000.0

1574255611734|consumed : 450.0

1574255612743|controler do control : 

1574255612748|produced : 1000.0

1574255612755|consumed : 450.0

1574255613773|controler do control : 

1574255613779|produced : 1000.0

1574255613785|consumed : 450.0

1574255614790|controler do control : 

1574255614798|produced : 1000.0

1574255614802|consumed : 450.0

1574255615807|controler do control : 

1574255615813|produced : 1000.0

1574255615816|consumed : 450.0

1574255616824|controler do control : 

1574255616829|produced : 1000.0

1574255616833|consumed : 450.0

1574255617847|controler do control : 

1574255617853|produced : 1000.0

1574255617858|consumed : 450.0

1574255618866|controler do control : 

1574255618871|produced : 1000.0

1574255618875|consumed : 450.0

1574255619887|controler do control : 

1574255619892|produced : 1000.0

1574255619896|consumed : 450.0

1574255620904|controler do control : 

1574255620909|produced : 1000.0

1574255620913|consumed : 450.0

1574255621922|controler do control : 

1574255621929|produced : 1000.0

1574255621933|consumed : 450.0

1574255622940|controler do control : 

1574255622946|produced : 1000.0

1574255622949|consumed : 450.0

1574255623988|controler do control : 

1574255623997|produced : 1000.0

1574255624005|consumed : 450.0

1574255625009|controler do control : 

1574255625015|produced : 1000.0

1574255625018|consumed : 450.0

1574255626026|controler do control : 

1574255626032|produced : 1000.0

1574255626033|consumed : 450.0

1574255627034|controler do control : 

1574255627038|produced : 1000.0

1574255627039|consumed : 450.0

1574255628043|controler do control : 

1574255628054|produced : 1000.0

1574255628070|consumed : 450.0

1574255629074|controler do control : 

1574255629081|produced : 1000.0

1574255629082|consumed : 450.0

1574255630084|controler do control : 

1574255630086|produced : 1000.0

1574255630087|consumed : 750.0

1574255631089|controler do control : 

1574255631092|produced : 1000.0

1574255631094|consumed : 750.0

1574255632095|controler do control : 

1574255632097|produced : 1000.0

1574255632098|consumed : 750.0

1574255633100|controler do control : 

1574255633103|produced : 1000.0

1574255633104|consumed : 750.0

1574255634107|controler do control : 

1574255634108|produced : 1000.0

1574255634109|consumed : 750.0

1574255635111|controler do control : 

1574255635113|produced : 1000.0

1574255635116|consumed : 750.0

1574255636118|controler do control : 

1574255636119|produced : 1000.0

1574255636120|consumed : 750.0

1574255637123|controler do control : 

1574255637124|produced : 1000.0

1574255637125|consumed : 750.0

1574255638127|controler do control : 

1574255638131|produced : 1000.0

1574255638134|consumed : 750.0

1574255639144|controler do control : 

1574255639149|produced : 1000.0

1574255639159|consumed : 750.0

1574255640168|controler do control : 

1574255640170|produced : 1000.0

1574255640171|consumed : 750.0

1574255641172|controler do control : 

1574255641178|produced : 1000.0

1574255641181|consumed : 750.0

1574255642190|controler do control : 

1574255642195|produced : 1000.0

1574255642198|consumed : 750.0

1574255643209|controler do control : 

1574255643213|produced : 1000.0

1574255643216|consumed : 750.0

1574255644222|controler do control : 

1574255644228|produced : 1000.0

1574255644231|consumed : 750.0

1574255645238|controler do control : 

1574255645239|produced : 1000.0

1574255645240|consumed : 750.0

1574255646242|controler do control : 

1574255646247|produced : 1000.0

1574255646253|consumed : 750.0

1574255647259|controler do control : 

1574255647264|produced : 1000.0

1574255647267|consumed : 750.0

1574255648278|controler do control : 

1574255648284|produced : 1000.0

1574255648287|consumed : 750.0

1574255649298|controler do control : 

1574255649303|produced : 1000.0

1574255649305|consumed : 750.0

1574255650313|controler do control : 

1574255650318|produced : 1000.0

1574255650321|consumed : 750.0

1574255651328|controler do control : 

1574255651333|produced : 1000.0

1574255651336|consumed : 750.0

1574255652342|controler do control : 

1574255652347|produced : 1000.0

1574255652350|consumed : 750.0

1574255653357|controler do control : 

1574255653362|produced : 1000.0

1574255653367|consumed : 750.0

1574255654373|controler do control : 

1574255654375|produced : 1000.0

1574255654377|consumed : 450.0

1574255655383|controler do control : 

1574255655385|produced : 1000.0

1574255655386|consumed : 450.0

1574255656388|controler do control : 

1574255656390|produced : 1000.0

1574255656393|consumed : 450.0

1574255657398|controler do control : 

1574255657401|produced : 1000.0

1574255657403|consumed : 450.0

1574255658407|controler do control : 

1574255658412|produced : 1000.0

1574255658415|consumed : 450.0

1574255659420|controler do control : 

1574255659424|produced : 1000.0

1574255659426|consumed : 450.0

1574255660432|controler do control : 

1574255660436|produced : 1000.0

1574255660439|consumed : 450.0

1574255661445|controler do control : 

1574255661450|produced : 1000.0

1574255661454|consumed : 450.0

1574255662462|controler do control : 

1574255662465|produced : 1000.0

1574255662467|consumed : 450.0

1574255663471|controler do control : 

1574255663476|produced : 1000.0

1574255663479|consumed : 450.0

1574255664485|controler do control : 

1574255664489|produced : 1000.0

1574255664493|consumed : 450.0

1574255665498|controler do control : 

1574255665503|produced : 1000.0

1574255665507|consumed : 450.0

1574255666512|controler do control : 

1574255666517|produced : 1000.0

1574255666522|consumed : 450.0

1574255667529|controler do control : 

1574255667539|produced : 1000.0

1574255667543|consumed : 450.0

1574255668550|controler do control : 

1574255668555|produced : 1000.0

1574255668558|consumed : 450.0

1574255669564|controler do control : 

1574255669569|produced : 1000.0

1574255669572|consumed : 450.0

1574255670579|controler do control : 

1574255670583|produced : 1000.0

1574255670587|consumed : 450.0

1574255671594|controler do control : 

1574255671600|produced : 1000.0

1574255671603|consumed : 450.0

1574255672610|controler do control : 

1574255672614|produced : 1000.0

1574255672617|consumed : 450.0

1574255673623|controler do control : 

1574255673628|produced : 1000.0

1574255673631|consumed : 450.0

1574255674637|controler do control : 

1574255674642|produced : 1000.0

1574255674648|consumed : 450.0

1574255675655|controler do control : 

1574255675659|produced : 1000.0

1574255675662|consumed : 450.0

1574255676669|controler do control : 

1574255676670|produced : 1000.0

1574255676672|consumed : 450.0

1574255677675|controler do control : 

1574255677679|produced : 1000.0

1574255677682|consumed : 450.0

1574255678684|controler do control : 

1574255678689|produced : 1000.0

1574255678691|consumed : 450.0

1574255679695|controler do control : 

1574255679700|produced : 1000.0

1574255679703|consumed : 750.0

1574255680718|controler do control : 

1574255680724|produced : 1000.0

1574255680731|consumed : 750.0

1574255681737|controler do control : 

1574255681742|produced : 1000.0

1574255681745|consumed : 750.0

1574255682752|controler do control : 

1574255682756|produced : 1000.0

1574255682762|consumed : 750.0

1574255683773|controler do control : 

1574255683782|produced : 1000.0

1574255683787|consumed : 750.0

1574255684794|controler do control : 

1574255684799|produced : 1000.0

1574255684802|consumed : 750.0

1574255685808|controler do control : 

1574255685813|produced : 1000.0

1574255685819|consumed : 750.0

1574255686826|controler do control : 

1574255686829|produced : 1000.0

1574255686831|consumed : 750.0

1574255687834|controler do control : 

1574255687840|produced : 1000.0

1574255687843|consumed : 750.0

1574255688852|controler do control : 

1574255688858|produced : 1000.0

1574255688873|consumed : 750.0

1574255689887|controler do control : 

1574255689892|produced : 1000.0

1574255689896|consumed : 750.0

1574255690903|controler do control : 

1574255690907|produced : 1000.0

1574255690909|consumed : 750.0

1574255691911|controler do control : 

1574255691915|produced : 1000.0

1574255691918|consumed : 750.0

1574255692835|stopping controler
