1574255492654|starting smart fridge
1574255493664|ineer temp : 0.2
is on false

1574255494676|ineer temp : 0.4
is on false

1574255495681|ineer temp : 0.6000000000000001
is on false

1574255496686|ineer temp : 0.8
is on false

1574255497691|ineer temp : 1.0
is on false

1574255498695|ineer temp : 1.2
is on false

1574255499701|ineer temp : 1.4
is on false

1574255500706|ineer temp : 1.5999999999999999
is on false

1574255501710|ineer temp : 1.7999999999999998
is on false

1574255502718|ineer temp : 1.9999999999999998
is on false

1574255503723|ineer temp : 2.1999999999999997
is on false

1574255504738|ineer temp : 2.4
is on false

1574255505744|ineer temp : 2.6
is on false

1574255506748|ineer temp : 2.8000000000000003
is on false

1574255507759|ineer temp : 3.0000000000000004
is on false

1574255508764|ineer temp : 3.2000000000000006
is on false

1574255509768|ineer temp : 3.400000000000001
is on false

1574255510771|ineer temp : 3.600000000000001
is on false

1574255511775|ineer temp : 3.800000000000001
is on false

1574255512790|ineer temp : 4.000000000000001
is on false

1574255513794|ineer temp : 4.200000000000001
is on false

1574255514799|ineer temp : 4.400000000000001
is on false

1574255515803|ineer temp : 4.600000000000001
is on false

1574255516807|ineer temp : 4.800000000000002
is on false

1574255517812|ineer temp : 5.000000000000002
is on false

1574255518817|ineer temp : 5.200000000000002
is on false

1574255519818|ineer temp : 5.400000000000002
is on false

1574255520819|ineer temp : 5.600000000000002
is on false

1574255521821|ineer temp : 5.8000000000000025
is on false

1574255522823|ineer temp : 6.000000000000003
is on false

1574255523824|ineer temp : 6.200000000000003
is on false

1574255524825|ineer temp : 6.400000000000003
is on false

1574255525826|ineer temp : 6.600000000000003
is on false

1574255526828|ineer temp : 6.800000000000003
is on false

1574255527829|ineer temp : 7.0000000000000036
is on false

1574255528831|ineer temp : 6.800000000000003
is on true

1574255529832|ineer temp : 6.600000000000003
is on true

1574255530834|ineer temp : 6.400000000000003
is on true

1574255531835|ineer temp : 6.200000000000003
is on true

1574255532836|ineer temp : 6.000000000000003
is on true

1574255533837|ineer temp : 5.8000000000000025
is on true

1574255534839|ineer temp : 5.600000000000002
is on true

1574255535841|ineer temp : 5.400000000000002
is on true

1574255536844|ineer temp : 5.200000000000002
is on true

1574255537847|ineer temp : 5.000000000000002
is on true

1574255538849|ineer temp : 4.800000000000002
is on true

1574255539853|ineer temp : 4.600000000000001
is on true

1574255540857|ineer temp : 4.400000000000001
is on true

1574255541860|ineer temp : 4.200000000000001
is on true

1574255542863|ineer temp : 4.000000000000001
is on true

1574255543866|ineer temp : 3.8000000000000007
is on true

1574255544868|ineer temp : 3.6000000000000005
is on true

1574255545871|ineer temp : 3.4000000000000004
is on true

1574255546874|ineer temp : 3.2
is on true

1574255547877|ineer temp : 3.0
is on true

1574255548881|ineer temp : 2.8
is on true

1574255549883|ineer temp : 2.5999999999999996
is on true

1574255550887|ineer temp : 2.3999999999999995
is on true

1574255551889|ineer temp : 2.1999999999999993
is on true

1574255552892|ineer temp : 1.9999999999999993
is on true

1574255553894|ineer temp : 2.1999999999999993
is on false

1574255554897|ineer temp : 2.3999999999999995
is on false

1574255555900|ineer temp : 2.5999999999999996
is on false

1574255556904|ineer temp : 2.8
is on false

1574255557905|ineer temp : 3.0
is on false

1574255558908|ineer temp : 3.2
is on false

1574255559910|ineer temp : 3.4000000000000004
is on false

1574255560913|ineer temp : 3.6000000000000005
is on false

1574255561914|ineer temp : 3.8000000000000007
is on false

1574255562917|ineer temp : 4.000000000000001
is on false

1574255563919|ineer temp : 4.200000000000001
is on false

1574255564922|ineer temp : 4.400000000000001
is on false

1574255565924|ineer temp : 4.600000000000001
is on false

1574255566925|ineer temp : 4.800000000000002
is on false

1574255567928|ineer temp : 5.000000000000002
is on false

1574255568931|ineer temp : 5.200000000000002
is on false

1574255569934|ineer temp : 5.400000000000002
is on false

1574255570936|ineer temp : 5.600000000000002
is on false

1574255571939|ineer temp : 5.8000000000000025
is on false

1574255572942|ineer temp : 6.000000000000003
is on false

1574255573945|ineer temp : 6.200000000000003
is on false

1574255574947|ineer temp : 6.400000000000003
is on false

1574255575950|ineer temp : 6.600000000000003
is on false

1574255576951|ineer temp : 6.800000000000003
is on false

1574255577952|ineer temp : 7.0000000000000036
is on false

1574255578955|ineer temp : 6.800000000000003
is on true

1574255579958|ineer temp : 6.600000000000003
is on true

1574255580960|ineer temp : 6.400000000000003
is on true

1574255581961|ineer temp : 6.200000000000003
is on true

1574255582964|ineer temp : 6.000000000000003
is on true

1574255583967|ineer temp : 5.8000000000000025
is on true

1574255584969|ineer temp : 5.600000000000002
is on true

1574255585972|ineer temp : 5.400000000000002
is on true

1574255586975|ineer temp : 5.200000000000002
is on true

1574255587976|ineer temp : 5.000000000000002
is on true

1574255588978|ineer temp : 4.800000000000002
is on true

1574255589979|ineer temp : 4.600000000000001
is on true

1574255590980|ineer temp : 4.400000000000001
is on true

1574255591982|ineer temp : 4.200000000000001
is on true

1574255592985|ineer temp : 4.000000000000001
is on true

1574255593987|ineer temp : 3.8000000000000007
is on true

1574255594990|ineer temp : 3.6000000000000005
is on true

1574255595992|ineer temp : 3.4000000000000004
is on true

1574255596995|ineer temp : 3.2
is on true

1574255597996|ineer temp : 3.0
is on true

1574255598998|ineer temp : 2.8
is on true

1574255600000|ineer temp : 2.5999999999999996
is on true

1574255601003|ineer temp : 2.3999999999999995
is on true

1574255602005|ineer temp : 2.1999999999999993
is on true

1574255603008|ineer temp : 1.9999999999999993
is on true

1574255604010|ineer temp : 2.1999999999999993
is on false

1574255605013|ineer temp : 2.3999999999999995
is on false

1574255606015|ineer temp : 2.5999999999999996
is on false

1574255607018|ineer temp : 2.8
is on false

1574255608020|ineer temp : 3.0
is on false

1574255609022|ineer temp : 3.2
is on false

1574255610024|ineer temp : 3.4000000000000004
is on false

1574255611027|ineer temp : 3.6000000000000005
is on false

1574255612029|ineer temp : 3.8000000000000007
is on false

1574255613032|ineer temp : 4.000000000000001
is on false

1574255614033|ineer temp : 4.200000000000001
is on false

1574255615035|ineer temp : 4.400000000000001
is on false

1574255616038|ineer temp : 4.600000000000001
is on false

1574255617039|ineer temp : 4.800000000000002
is on false

1574255618041|ineer temp : 5.000000000000002
is on false

1574255619043|ineer temp : 5.200000000000002
is on false

1574255620049|ineer temp : 5.400000000000002
is on false

1574255621052|ineer temp : 5.600000000000002
is on false

1574255622054|ineer temp : 5.8000000000000025
is on false

1574255623056|ineer temp : 6.000000000000003
is on false

1574255624058|ineer temp : 6.200000000000003
is on false

1574255625058|ineer temp : 6.400000000000003
is on false

1574255626061|ineer temp : 6.600000000000003
is on false

1574255627061|ineer temp : 6.800000000000003
is on false

1574255628062|ineer temp : 7.0000000000000036
is on false

1574255629064|ineer temp : 6.800000000000003
is on true

1574255630066|ineer temp : 6.600000000000003
is on true

1574255631067|ineer temp : 6.400000000000003
is on true

1574255632067|ineer temp : 6.200000000000003
is on true

1574255633068|ineer temp : 6.000000000000003
is on true

1574255634070|ineer temp : 5.8000000000000025
is on true

1574255635072|ineer temp : 5.600000000000002
is on true

1574255636074|ineer temp : 5.400000000000002
is on true

1574255637077|ineer temp : 5.200000000000002
is on true

1574255638079|ineer temp : 5.000000000000002
is on true

1574255639080|ineer temp : 4.800000000000002
is on true

1574255640083|ineer temp : 4.600000000000001
is on true

1574255641084|ineer temp : 4.400000000000001
is on true

1574255642086|ineer temp : 4.200000000000001
is on true

1574255643087|ineer temp : 4.000000000000001
is on true

1574255644089|ineer temp : 3.8000000000000007
is on true

1574255645091|ineer temp : 3.6000000000000005
is on true

1574255646092|ineer temp : 3.4000000000000004
is on true

1574255647093|ineer temp : 3.2
is on true

1574255648094|ineer temp : 3.0
is on true

1574255649095|ineer temp : 2.8
is on true

1574255650096|ineer temp : 2.5999999999999996
is on true

1574255651098|ineer temp : 2.3999999999999995
is on true

1574255652099|ineer temp : 2.1999999999999993
is on true

1574255653101|ineer temp : 1.9999999999999993
is on true

1574255654103|ineer temp : 2.1999999999999993
is on false

1574255655103|ineer temp : 2.3999999999999995
is on false

1574255656104|ineer temp : 2.5999999999999996
is on false

1574255657104|ineer temp : 2.8
is on false

1574255658105|ineer temp : 3.0
is on false

1574255659106|ineer temp : 3.2
is on false

1574255660107|ineer temp : 3.4000000000000004
is on false

1574255661109|ineer temp : 3.6000000000000005
is on false

1574255662110|ineer temp : 3.8000000000000007
is on false

1574255663111|ineer temp : 4.000000000000001
is on false

1574255664114|ineer temp : 4.200000000000001
is on false

1574255665116|ineer temp : 4.400000000000001
is on false

1574255666118|ineer temp : 4.600000000000001
is on false

1574255667119|ineer temp : 4.800000000000002
is on false

1574255668121|ineer temp : 5.000000000000002
is on false

1574255669123|ineer temp : 5.200000000000002
is on false

1574255670126|ineer temp : 5.400000000000002
is on false

1574255671128|ineer temp : 5.600000000000002
is on false

1574255672130|ineer temp : 5.8000000000000025
is on false

1574255673131|ineer temp : 6.000000000000003
is on false

1574255674133|ineer temp : 6.200000000000003
is on false

1574255675135|ineer temp : 6.400000000000003
is on false

1574255676137|ineer temp : 6.600000000000003
is on false

1574255677137|ineer temp : 6.800000000000003
is on false

1574255678139|ineer temp : 7.0000000000000036
is on false

1574255679140|ineer temp : 6.800000000000003
is on true

1574255680141|ineer temp : 6.600000000000003
is on true

1574255681143|ineer temp : 6.400000000000003
is on true

1574255682144|ineer temp : 6.200000000000003
is on true

1574255683146|ineer temp : 6.000000000000003
is on true

1574255684148|ineer temp : 5.8000000000000025
is on true

1574255685150|ineer temp : 5.600000000000002
is on true

1574255686153|ineer temp : 5.400000000000002
is on true

1574255687153|ineer temp : 5.200000000000002
is on true

1574255688154|ineer temp : 5.000000000000002
is on true

1574255689157|ineer temp : 4.800000000000002
is on true

1574255690159|ineer temp : 4.600000000000001
is on true

1574255691161|ineer temp : 4.400000000000001
is on true

1574255692163|ineer temp : 4.200000000000001
is on true

1574255692792|stopping smart fridge
