1573904817116|Registry up and running!
1573904829536|GlobalRegistry processing put controler-1 rmi=localhost
1573904829819|GlobalRegistry processing put fridge-1 rmi=localhost
1573904829820|GlobalRegistry processing put fr.sorbonne_u.components.reflection.interfaces.ReflectionI-6f952163-34fa-440f-8217-bb75e1f254ec rmi=localhost
1573904829861|All connected!
1573904829868|GlobalRegistry processing put fr.sorbonne_u.components.reflection.interfaces.ReflectionI-710adad6-04e8-4577-9110-9b769fdd7ad4 rmi=localhost
1573904829879|GlobalRegistry processing put counter-1 rmi=localhost
1573904829973|GlobalRegistry processing put solarpanel-dcc rmi=localhost
1573904829997|GlobalRegistry processing put fridgeibp-1 rmi=localhost
1573904829998|GlobalRegistry processing put counteribp-1 rmi=localhost
1573904830006|GlobalRegistry processing put tv-dcc rmi=localhost
1573904830113|GlobalRegistry processing put monitorfridgeibp-1 rmi=localhost
1573904830990|GlobalRegistry processing put fr.sorbonne_u.components.reflection.interfaces.ReflectionI-eb426809-4556-41e6-a742-8eeda703a0ad rmi=localhost
1573904831033|GlobalRegistry processing put fr.sorbonne_u.components.reflection.interfaces.ReflectionI-a9fe1b31-94eb-47c3-96bf-f9faa3ccc5b9 rmi=localhost
1573904831057|GlobalRegistry processing put fr.sorbonne_u.components.reflection.interfaces.ReflectionI-cd27f5ae-3bf1-496b-bf84-42a426929e71 rmi=localhost
1573904831065|GlobalRegistry processing put counter-dcc rmi=localhost
1573904831101|GlobalRegistry processing put controler-dcc rmi=localhost
1573904831146|GlobalRegistry processing put fridge-dcc rmi=localhost
1573904831209|GlobalRegistry processing lookup monitorfridgeibp-1
1573904831213|GlobalRegistry processing lookup solarpibp-1
1573904831365|GlobalRegistry processing lookup monitortvibp-1
1573904836681|GlobalRegistry processing null
1573904837535|GlobalRegistry processing null
1573904838345|GlobalRegistry processing null
1573904839493|GlobalRegistry processing null
1573904840286|GlobalRegistry processing null
1573904840294|Global registry shuts down!
