1574255492660|starting smart owen
1574255493678|i'm off
my temperature 0
myconsumption 0

1574255494740|i'm off
my temperature 0
myconsumption 0

1574255495742|i'm off
my temperature 0
myconsumption 0

1574255496743|i'm off
my temperature 0
myconsumption 0

1574255497744|i'm off
my temperature 0
myconsumption 0

1574255498746|i'm off
my temperature 0
myconsumption 0

1574255499747|i'm off
my temperature 0
myconsumption 0

1574255500749|i'm off
my temperature 0
myconsumption 0

1574255501754|i'm off
my temperature 0
myconsumption 0

1574255502765|i'm off
my temperature 0
myconsumption 0

1574255503766|i'm off
my temperature 0
myconsumption 0

1574255504772|i'm off
my temperature 0
myconsumption 0

1574255505778|i'm off
my temperature 0
myconsumption 0

1574255506785|i'm off
my temperature 0
myconsumption 0

1574255507791|i'm off
my temperature 0
myconsumption 0

1574255508796|i'm off
my temperature 0
myconsumption 0

1574255509800|i'm off
my temperature 0
myconsumption 0

1574255510802|i'm off
my temperature 0
myconsumption 0

1574255511806|i'm off
my temperature 0
myconsumption 0

1574255512811|i'm off
my temperature 0
myconsumption 0

1574255513817|i'm off
my temperature 0
myconsumption 0

1574255514821|i'm off
my temperature 0
myconsumption 0

1574255515823|i'm off
my temperature 0
myconsumption 0

1574255516826|i'm off
my temperature 0
myconsumption 0

1574255517830|i'm off
my temperature 0
myconsumption 0

1574255518834|i'm off
my temperature 0
myconsumption 0

1574255519835|i'm off
my temperature 0
myconsumption 0

1574255520837|i'm off
my temperature 0
myconsumption 0

1574255521839|i'm off
my temperature 0
myconsumption 0

1574255522840|i'm off
my temperature 0
myconsumption 0

1574255523842|i'm off
my temperature 0
myconsumption 0

1574255524843|i'm off
my temperature 0
myconsumption 0

1574255525846|i'm off
my temperature 0
myconsumption 0

1574255526847|i'm off
my temperature 0
myconsumption 0

1574255527848|i'm off
my temperature 0
myconsumption 0

1574255528849|i'm off
my temperature 0
myconsumption 0

1574255529850|i'm off
my temperature 0
myconsumption 0

1574255530851|i'm off
my temperature 0
myconsumption 0

1574255531852|i'm off
my temperature 0
myconsumption 0

1574255532854|i'm off
my temperature 0
myconsumption 0

1574255533855|i'm off
my temperature 0
myconsumption 0

1574255534856|i'm off
my temperature 0
myconsumption 0

1574255535857|i'm off
my temperature 0
myconsumption 0

1574255536862|i'm off
my temperature 0
myconsumption 0

1574255537863|i'm off
my temperature 0
myconsumption 0

1574255538864|i'm off
my temperature 0
myconsumption 0

1574255539865|i'm off
my temperature 0
myconsumption 0

1574255540867|i'm off
my temperature 0
myconsumption 0

1574255541870|i'm off
my temperature 0
myconsumption 0

1574255542871|i'm off
my temperature 0
myconsumption 0

1574255543874|i'm off
my temperature 0
myconsumption 0

1574255544876|i'm off
my temperature 0
myconsumption 0

1574255545878|i'm off
my temperature 0
myconsumption 0

1574255546881|i'm off
my temperature 0
myconsumption 0

1574255547885|i'm off
my temperature 0
myconsumption 0

1574255548888|i'm off
my temperature 0
myconsumption 0

1574255549889|i'm off
my temperature 0
myconsumption 0

1574255550892|i'm off
my temperature 0
myconsumption 0

1574255551893|i'm off
my temperature 0
myconsumption 0

1574255552897|i'm off
my temperature 0
myconsumption 0

1574255553899|i'm off
my temperature 0
myconsumption 0

1574255554902|i'm off
my temperature 0
myconsumption 0

1574255555905|i'm off
my temperature 0
myconsumption 0

1574255556913|i'm off
my temperature 0
myconsumption 0

1574255557914|i'm off
my temperature 0
myconsumption 0

1574255558917|i'm off
my temperature 0
myconsumption 0

1574255559920|i'm off
my temperature 0
myconsumption 0

1574255560923|i'm off
my temperature 0
myconsumption 0

1574255561923|i'm off
my temperature 0
myconsumption 0

1574255562926|i'm off
my temperature 0
myconsumption 0

1574255563929|i'm off
my temperature 0
myconsumption 0

1574255564931|i'm off
my temperature 0
myconsumption 0

1574255565934|i'm off
my temperature 0
myconsumption 0

1574255566935|i'm off
my temperature 0
myconsumption 0

1574255567938|i'm off
my temperature 0
myconsumption 0

1574255568940|i'm off
my temperature 0
myconsumption 0

1574255569947|i'm off
my temperature 0
myconsumption 0

1574255570949|i'm off
my temperature 0
myconsumption 0

1574255571951|i'm off
my temperature 0
myconsumption 0

1574255572954|i'm off
my temperature 0
myconsumption 0

1574255573955|i'm off
my temperature 0
myconsumption 0

1574255574956|i'm off
my temperature 0
myconsumption 0

1574255575960|i'm off
my temperature 0
myconsumption 0

1574255576961|i'm off
my temperature 0
myconsumption 0

1574255577963|i'm off
my temperature 0
myconsumption 0

1574255578965|i'm off
my temperature 0
myconsumption 0

1574255579967|i'm off
my temperature 0
myconsumption 0

1574255580969|i'm off
my temperature 0
myconsumption 0

1574255581971|i'm off
my temperature 0
myconsumption 0

1574255582973|i'm off
my temperature 0
myconsumption 0

1574255583974|i'm off
my temperature 0
myconsumption 0

1574255584977|i'm off
my temperature 0
myconsumption 0

1574255585978|i'm off
my temperature 0
myconsumption 0

1574255586981|i'm off
my temperature 0
myconsumption 0

1574255587984|i'm off
my temperature 0
myconsumption 0

1574255588984|i'm off
my temperature 0
myconsumption 0

1574255589985|i'm off
my temperature 0
myconsumption 0

1574255590986|i'm off
my temperature 0
myconsumption 0

1574255591988|i'm off
my temperature 0
myconsumption 0

1574255592991|i'm off
my temperature 0
myconsumption 0

1574255593993|i'm off
my temperature 0
myconsumption 0

1574255594995|i'm off
my temperature 0
myconsumption 0

1574255595997|i'm off
my temperature 0
myconsumption 0

1574255597000|i'm off
my temperature 0
myconsumption 0

1574255598001|i'm off
my temperature 0
myconsumption 0

1574255599003|i'm off
my temperature 0
myconsumption 0

1574255600006|i'm off
my temperature 0
myconsumption 0

1574255601008|i'm off
my temperature 0
myconsumption 0

1574255602011|i'm off
my temperature 0
myconsumption 0

1574255603013|i'm off
my temperature 0
myconsumption 0

1574255604015|i'm off
my temperature 0
myconsumption 0

1574255605018|i'm off
my temperature 0
myconsumption 0

1574255606020|i'm off
my temperature 0
myconsumption 0

1574255607023|i'm off
my temperature 0
myconsumption 0

1574255608026|i'm off
my temperature 0
myconsumption 0

1574255609028|i'm off
my temperature 0
myconsumption 0

1574255610029|i'm off
my temperature 0
myconsumption 0

1574255611032|i'm off
my temperature 0
myconsumption 0

1574255612035|i'm off
my temperature 0
myconsumption 0

1574255613037|i'm off
my temperature 0
myconsumption 0

1574255614038|i'm off
my temperature 0
myconsumption 0

1574255615041|i'm off
my temperature 0
myconsumption 0

1574255616043|i'm off
my temperature 0
myconsumption 0

1574255617043|i'm off
my temperature 0
myconsumption 0

1574255618045|i'm off
my temperature 0
myconsumption 0

1574255619048|i'm off
my temperature 0
myconsumption 0

1574255620051|i'm off
my temperature 0
myconsumption 0

1574255621053|i'm off
my temperature 0
myconsumption 0

1574255622055|i'm off
my temperature 0
myconsumption 0

1574255623057|i'm off
my temperature 0
myconsumption 0

1574255624061|i'm off
my temperature 0
myconsumption 0

1574255625066|i'm off
my temperature 0
myconsumption 0

1574255626070|i'm off
my temperature 0
myconsumption 0

1574255627070|i'm off
my temperature 0
myconsumption 0

1574255628071|i'm off
my temperature 0
myconsumption 0

1574255629072|i'm off
my temperature 0
myconsumption 0

1574255630074|i'm off
my temperature 0
myconsumption 0

1574255631075|i'm off
my temperature 0
myconsumption 0

1574255632075|i'm off
my temperature 0
myconsumption 0

1574255633076|i'm off
my temperature 0
myconsumption 0

1574255634078|i'm off
my temperature 0
myconsumption 0

1574255635086|i'm off
my temperature 0
myconsumption 0

1574255636086|i'm off
my temperature 0
myconsumption 0

1574255637088|i'm off
my temperature 0
myconsumption 0

1574255638090|i'm off
my temperature 0
myconsumption 0

1574255639091|i'm off
my temperature 0
myconsumption 0

1574255640092|i'm off
my temperature 0
myconsumption 0

1574255641093|i'm off
my temperature 0
myconsumption 0

1574255642094|i'm off
my temperature 0
myconsumption 0

1574255643095|i'm off
my temperature 0
myconsumption 0

1574255644097|i'm off
my temperature 0
myconsumption 0

1574255645098|i'm off
my temperature 0
myconsumption 0

1574255646098|i'm off
my temperature 0
myconsumption 0

1574255647099|i'm off
my temperature 0
myconsumption 0

1574255648100|i'm off
my temperature 0
myconsumption 0

1574255649101|i'm off
my temperature 0
myconsumption 0

1574255650102|i'm off
my temperature 0
myconsumption 0

1574255651104|i'm off
my temperature 0
myconsumption 0

1574255652105|i'm off
my temperature 0
myconsumption 0

1574255653106|i'm off
my temperature 0
myconsumption 0

1574255654107|i'm off
my temperature 0
myconsumption 0

1574255655108|i'm off
my temperature 0
myconsumption 0

1574255656108|i'm off
my temperature 0
myconsumption 0

1574255657109|i'm off
my temperature 0
myconsumption 0

1574255658110|i'm off
my temperature 0
myconsumption 0

1574255659111|i'm off
my temperature 0
myconsumption 0

1574255660113|i'm off
my temperature 0
myconsumption 0

1574255661115|i'm off
my temperature 0
myconsumption 0

1574255662116|i'm off
my temperature 0
myconsumption 0

1574255663117|i'm off
my temperature 0
myconsumption 0

1574255664119|i'm off
my temperature 0
myconsumption 0

1574255665121|i'm off
my temperature 0
myconsumption 0

1574255666123|i'm off
my temperature 0
myconsumption 0

1574255667124|i'm off
my temperature 0
myconsumption 0

1574255668126|i'm off
my temperature 0
myconsumption 0

1574255669128|i'm off
my temperature 0
myconsumption 0

1574255670130|i'm off
my temperature 0
myconsumption 0

1574255671131|i'm off
my temperature 0
myconsumption 0

1574255672133|i'm off
my temperature 0
myconsumption 0

1574255673135|i'm off
my temperature 0
myconsumption 0

1574255674137|i'm off
my temperature 0
myconsumption 0

1574255675139|i'm off
my temperature 0
myconsumption 0

1574255676142|i'm off
my temperature 0
myconsumption 0

1574255677142|i'm off
my temperature 0
myconsumption 0

1574255678143|i'm off
my temperature 0
myconsumption 0

1574255679143|i'm off
my temperature 0
myconsumption 0

1574255680146|i'm off
my temperature 0
myconsumption 0

1574255681147|i'm off
my temperature 0
myconsumption 0

1574255682148|i'm off
my temperature 0
myconsumption 0

1574255683150|i'm off
my temperature 0
myconsumption 0

1574255684152|i'm off
my temperature 0
myconsumption 0

1574255685154|i'm off
my temperature 0
myconsumption 0

1574255686157|i'm off
my temperature 0
myconsumption 0

1574255687157|i'm off
my temperature 0
myconsumption 0

1574255688158|i'm off
my temperature 0
myconsumption 0

1574255689160|i'm off
my temperature 0
myconsumption 0

1574255690162|i'm off
my temperature 0
myconsumption 0

1574255691164|i'm off
my temperature 0
myconsumption 0

1574255692166|i'm off
my temperature 0
myconsumption 0

1574255692866|stopping smart owen
